Determining if the pthread_create exist failed with the following output:
Change Dir: /home/racecar/AV-Invisible-Boat/boat-ws/build/CMakeFiles/CMakeTmp

Run Build Command:"/usr/bin/make" "cmTC_b3a4c/fast"
/usr/bin/make -f CMakeFiles/cmTC_b3a4c.dir/build.make CMakeFiles/cmTC_b3a4c.dir/build
make[1]: Entering directory '/home/racecar/AV-Invisible-Boat/boat-ws/build/CMakeFiles/CMakeTmp'
Building C object CMakeFiles/cmTC_b3a4c.dir/CheckSymbolExists.c.o
/usr/bin/cc     -o CMakeFiles/cmTC_b3a4c.dir/CheckSymbolExists.c.o   -c /home/racecar/AV-Invisible-Boat/boat-ws/build/CMakeFiles/CMakeTmp/CheckSymbolExists.c
Linking C executable cmTC_b3a4c
/usr/bin/cmake -E cmake_link_script CMakeFiles/cmTC_b3a4c.dir/link.txt --verbose=1
/usr/bin/cc       CMakeFiles/cmTC_b3a4c.dir/CheckSymbolExists.c.o  -o cmTC_b3a4c -rdynamic 
CMakeFiles/cmTC_b3a4c.dir/CheckSymbolExists.c.o: In function `main':
CheckSymbolExists.c:(.text+0x14): undefined reference to `pthread_create'
CheckSymbolExists.c:(.text+0x18): undefined reference to `pthread_create'
collect2: error: ld returned 1 exit status
CMakeFiles/cmTC_b3a4c.dir/build.make:97: recipe for target 'cmTC_b3a4c' failed
make[1]: *** [cmTC_b3a4c] Error 1
make[1]: Leaving directory '/home/racecar/AV-Invisible-Boat/boat-ws/build/CMakeFiles/CMakeTmp'
Makefile:126: recipe for target 'cmTC_b3a4c/fast' failed
make: *** [cmTC_b3a4c/fast] Error 2

File /home/racecar/AV-Invisible-Boat/boat-ws/build/CMakeFiles/CMakeTmp/CheckSymbolExists.c:
/* */
#include <pthread.h>

int main(int argc, char** argv)
{
  (void)argv;
#ifndef pthread_create
  return ((int*)(&pthread_create))[argc];
#else
  (void)argc;
  return 0;
#endif
}

Determining if the function pthread_create exists in the pthreads failed with the following output:
Change Dir: /home/racecar/AV-Invisible-Boat/boat-ws/build/CMakeFiles/CMakeTmp

Run Build Command:"/usr/bin/make" "cmTC_bed06/fast"
/usr/bin/make -f CMakeFiles/cmTC_bed06.dir/build.make CMakeFiles/cmTC_bed06.dir/build
make[1]: Entering directory '/home/racecar/AV-Invisible-Boat/boat-ws/build/CMakeFiles/CMakeTmp'
Building C object CMakeFiles/cmTC_bed06.dir/CheckFunctionExists.c.o
/usr/bin/cc    -DCHECK_FUNCTION_EXISTS=pthread_create   -o CMakeFiles/cmTC_bed06.dir/CheckFunctionExists.c.o   -c /usr/share/cmake-3.5/Modules/CheckFunctionExists.c
Linking C executable cmTC_bed06
/usr/bin/cmake -E cmake_link_script CMakeFiles/cmTC_bed06.dir/link.txt --verbose=1
/usr/bin/cc   -DCHECK_FUNCTION_EXISTS=pthread_create    CMakeFiles/cmTC_bed06.dir/CheckFunctionExists.c.o  -o cmTC_bed06 -rdynamic -lpthreads 
/usr/bin/ld: cannot find -lpthreads
collect2: error: ld returned 1 exit status
CMakeFiles/cmTC_bed06.dir/build.make:97: recipe for target 'cmTC_bed06' failed
make[1]: *** [cmTC_bed06] Error 1
make[1]: Leaving directory '/home/racecar/AV-Invisible-Boat/boat-ws/build/CMakeFiles/CMakeTmp'
Makefile:126: recipe for target 'cmTC_bed06/fast' failed
make: *** [cmTC_bed06/fast] Error 2


